{"/home/tfonseca/dev/repo/mocha-tests/test/CalculatorTest.js":{"path":"/home/tfonseca/dev/repo/mocha-tests/test/CalculatorTest.js","s":{"1":1,"2":1,"3":1,"4":1,"5":0,"6":0,"7":0,"8":0,"9":0,"10":0,"11":0,"12":0,"13":0,"14":0,"15":0,"16":0,"17":0,"18":0,"19":0,"20":0,"21":0,"22":0,"23":0,"24":0,"25":0,"26":0,"27":0,"28":0,"29":0},"b":{},"f":{"1":0,"2":0,"3":0,"4":0,"5":0,"6":0,"7":0,"8":0,"9":0,"10":0,"11":0,"12":0,"13":0,"14":0,"15":0},"fnMap":{"1":{"name":"(anonymous_1)","line":6,"loc":{"start":{"line":6,"column":29},"end":{"line":6,"column":40}}},"2":{"name":"(anonymous_2)","line":8,"loc":{"start":{"line":8,"column":9},"end":{"line":8,"column":20}}},"3":{"name":"(anonymous_3)","line":12,"loc":{"start":{"line":12,"column":8},"end":{"line":12,"column":19}}},"4":{"name":"(anonymous_4)","line":16,"loc":{"start":{"line":16,"column":13},"end":{"line":16,"column":24}}},"5":{"name":"(anonymous_5)","line":20,"loc":{"start":{"line":20,"column":12},"end":{"line":20,"column":23}}},"6":{"name":"(anonymous_6)","line":24,"loc":{"start":{"line":24,"column":24},"end":{"line":24,"column":35}}},"7":{"name":"(anonymous_7)","line":25,"loc":{"start":{"line":25,"column":27},"end":{"line":25,"column":38}}},"8":{"name":"(anonymous_8)","line":29,"loc":{"start":{"line":29,"column":28},"end":{"line":29,"column":39}}},"9":{"name":"(anonymous_9)","line":34,"loc":{"start":{"line":34,"column":29},"end":{"line":34,"column":40}}},"10":{"name":"(anonymous_10)","line":35,"loc":{"start":{"line":35,"column":28},"end":{"line":35,"column":39}}},"11":{"name":"(anonymous_11)","line":40,"loc":{"start":{"line":40,"column":25},"end":{"line":40,"column":36}}},"12":{"name":"(anonymous_12)","line":41,"loc":{"start":{"line":41,"column":28},"end":{"line":41,"column":39}}},"13":{"name":"(anonymous_13)","line":42,"loc":{"start":{"line":42,"column":47},"end":{"line":42,"column":58}}},"14":{"name":"(anonymous_14)","line":50,"loc":{"start":{"line":50,"column":30},"end":{"line":50,"column":41}}},"15":{"name":"(anonymous_15)","line":51,"loc":{"start":{"line":51,"column":54},"end":{"line":51,"column":65}}}},"statementMap":{"1":{"start":{"line":2,"column":0},"end":{"line":2,"column":36}},"2":{"start":{"line":3,"column":0},"end":{"line":3,"column":29}},"3":{"start":{"line":4,"column":0},"end":{"line":4,"column":46}},"4":{"start":{"line":6,"column":0},"end":{"line":59,"column":3}},"5":{"start":{"line":8,"column":2},"end":{"line":10,"column":5}},"6":{"start":{"line":9,"column":4},"end":{"line":9,"column":26}},"7":{"start":{"line":12,"column":2},"end":{"line":14,"column":5}},"8":{"start":{"line":13,"column":4},"end":{"line":13,"column":25}},"9":{"start":{"line":16,"column":2},"end":{"line":18,"column":5}},"10":{"start":{"line":17,"column":4},"end":{"line":17,"column":30}},"11":{"start":{"line":20,"column":2},"end":{"line":22,"column":5}},"12":{"start":{"line":21,"column":4},"end":{"line":21,"column":29}},"13":{"start":{"line":24,"column":2},"end":{"line":32,"column":5}},"14":{"start":{"line":25,"column":4},"end":{"line":27,"column":7}},"15":{"start":{"line":26,"column":6},"end":{"line":26,"column":47}},"16":{"start":{"line":29,"column":4},"end":{"line":31,"column":7}},"17":{"start":{"line":30,"column":6},"end":{"line":30,"column":48}},"18":{"start":{"line":34,"column":2},"end":{"line":38,"column":5}},"19":{"start":{"line":35,"column":4},"end":{"line":37,"column":7}},"20":{"start":{"line":36,"column":6},"end":{"line":36,"column":53}},"21":{"start":{"line":40,"column":2},"end":{"line":57,"column":5}},"22":{"start":{"line":41,"column":4},"end":{"line":48,"column":7}},"23":{"start":{"line":42,"column":6},"end":{"line":44,"column":9}},"24":{"start":{"line":43,"column":8},"end":{"line":43,"column":22}},"25":{"start":{"line":46,"column":6},"end":{"line":46,"column":52}},"26":{"start":{"line":50,"column":4},"end":{"line":56,"column":7}},"27":{"start":{"line":51,"column":6},"end":{"line":53,"column":9}},"28":{"start":{"line":52,"column":8},"end":{"line":52,"column":20}},"29":{"start":{"line":55,"column":6},"end":{"line":55,"column":47}}},"branchMap":{}}}